{"/home/jmdevbr/Developer/projetos/api-get-a-pet/src/index.js": {"path":"/home/jmdevbr/Developer/projetos/api-get-a-pet/src/index.js","all":false,"statementMap":{"0":{"start":{"line":1,"column":0},"end":{"line":1,"column":36}},"1":{"start":{"line":2,"column":0},"end":{"line":2,"column":0}},"2":{"start":{"line":3,"column":0},"end":{"line":3,"column":29}}},"s":{"0":1,"1":1,"2":1},"branchMap":{"0":{"type":"branch","line":1,"loc":{"start":{"line":1,"column":20},"end":{"line":1,"column":35}},"locations":[{"start":{"line":1,"column":20},"end":{"line":1,"column":35}}]}},"b":{"0":[1]},"fnMap":{"0":{"name":"funtionSoma","decl":{"start":{"line":1,"column":20},"end":{"line":1,"column":35}},"loc":{"start":{"line":1,"column":20},"end":{"line":1,"column":35}},"line":1}},"f":{"0":1}}
}
